app/build/outputs/logs/manifest-merger-debug-report.txt
-- Merging decision tree log ---
manifest
ADDED from src/main/AndroidManifest.xml:2:1-398:12
	package
		ADDED from src/main/AndroidManifest.xml:3:5-35
		INJECTED from src/main/AndroidManifest.xml
		INJECTED from src/main/AndroidManifest.xml
	android:versionName
		ADDED from src/main/AndroidManifest.xml:6:5-31
		INJECTED from src/main/AndroidManifest.xml
		INJECTED from src/main/AndroidManifest.xml
	android:versionCode
		ADDED from src/main/AndroidManifest.xml:5:5-30
		INJECTED from src/main/AndroidManifest.xml
		INJECTED from src/main/AndroidManifest.xml
	xmlns:android
		ADDED from src/main/AndroidManifest.xml:2:11-69
	android:installLocation
		ADDED from src/main/AndroidManifest.xml:4:5-35
uses-permission#android.permission.INTERNET
ADDED from src/main/AndroidManifest.xml:8:5-67
	android:name
		ADDED from src/main/AndroidManifest.xml:8:22-64
uses-permission#android.permission.ACCESS_FINE_LOCATION
ADDED from src/main/AndroidManifest.xml:9:5-79
	android:name
		ADDED from src/main/AndroidManifest.xml:9:22-76
uses-permission#android.permission.ACCESS_COARSE_LOCATION
ADDED from src/main/AndroidManifest.xml:10:5-81
	android:name
		ADDED from src/main/AndroidManifest.xml:10:22-78
uses-permission#android.permission.ACCESS_MOCK_LOCATION
ADDED from src/main/AndroidManifest.xml:11:5-79
	android:name
		ADDED from src/main/AndroidManifest.xml:11:22-76
uses-permission#android.permission.WRITE_EXTERNAL_STORAGE
ADDED from src/main/AndroidManifest.xml:12:5-81
	android:name
		ADDED from src/main/AndroidManifest.xml:12:22-78
uses-permission#android.permission.WAKE_LOCK
ADDED from src/main/AndroidManifest.xml:13:5-68
	android:name
		ADDED from src/main/AndroidManifest.xml:13:22-65
uses-permission#android.permission.READ_PHONE_STATE
ADDED from src/main/AndroidManifest.xml:14:5-75
	android:name
		ADDED from src/main/AndroidManifest.xml:14:22-72
uses-permission#android.permission.CALL_PHONE
ADDED from src/main/AndroidManifest.xml:15:5-69
	android:name
		ADDED from src/main/AndroidManifest.xml:15:22-66
uses-permission#android.permission.VIBRATE
ADDED from src/main/AndroidManifest.xml:16:5-66
	android:name
		ADDED from src/main/AndroidManifest.xml:16:22-63
uses-permission#android.permission.GET_TASKS
ADDED from src/main/AndroidManifest.xml:17:5-68
	android:name
		ADDED from src/main/AndroidManifest.xml:17:22-65
uses-permission#android.permission.RECEIVE_BOOT_COMPLETED
ADDED from src/main/AndroidManifest.xml:18:5-81
	android:name
		ADDED from src/main/AndroidManifest.xml:18:22-78
uses-permission#android.permission.PROCESS_INCOMING_CALLS
ADDED from src/main/AndroidManifest.xml:19:5-81
	android:name
		ADDED from src/main/AndroidManifest.xml:19:22-78
uses-permission#android.permission.EXPAND_STATUS_BAR
ADDED from src/main/AndroidManifest.xml:20:5-76
	android:name
		ADDED from src/main/AndroidManifest.xml:20:22-73
uses-permission#android.permission.CHANGE_WIFI_STATE
ADDED from src/main/AndroidManifest.xml:21:5-76
	android:name
		ADDED from src/main/AndroidManifest.xml:21:22-73
uses-permission#android.permission.KILL_BACKGROUND_PROCESSES
ADDED from src/main/AndroidManifest.xml:22:5-84
	android:name
		ADDED from src/main/AndroidManifest.xml:22:22-81
uses-permission#android.permission.BROADCAST_PACKAGE_ADDED
ADDED from src/main/AndroidManifest.xml:23:5-82
	android:name
		ADDED from src/main/AndroidManifest.xml:23:22-79
uses-permission#android.permission.WRITE_SETTINGS
ADDED from src/main/AndroidManifest.xml:24:5-73
	android:name
		ADDED from src/main/AndroidManifest.xml:24:22-70
uses-permission#android.permission.READ_PROFILE
ADDED from src/main/AndroidManifest.xml:25:5-71
	android:name
		ADDED from src/main/AndroidManifest.xml:25:22-68
uses-permission#com.android.vending.BILLING
ADDED from src/main/AndroidManifest.xml:27:5-67
	android:name
		ADDED from src/main/AndroidManifest.xml:27:22-64
uses-permission#com.android.browser.permission.READ_HISTORY_BOOKMARKS
ADDED from src/main/AndroidManifest.xml:28:5-93
	android:name
		ADDED from src/main/AndroidManifest.xml:28:22-90
uses-permission#android.permission.READ_CALL_LOG
ADDED from src/main/AndroidManifest.xml:33:5-72
	android:name
		ADDED from src/main/AndroidManifest.xml:33:22-69
uses-permission#android.permission.SYSTEM_ALERT_WINDOW
ADDED from src/main/AndroidManifest.xml:35:5-78
	android:name
		ADDED from src/main/AndroidManifest.xml:35:22-75
uses-permission#com.android.vending.CHECK_LICENSE
ADDED from src/main/AndroidManifest.xml:39:5-73
	android:name
		ADDED from src/main/AndroidManifest.xml:39:22-70
uses-permission#android.permission.ACCESS_NETWORK_STATE
ADDED from src/main/AndroidManifest.xml:40:5-79
	android:name
		ADDED from src/main/AndroidManifest.xml:40:22-76
uses-permission#android.permission.ACCESS_WIFI_STATE
ADDED from src/main/AndroidManifest.xml:41:5-76
	android:name
		ADDED from src/main/AndroidManifest.xml:41:22-73
uses-permission#android.permission.READ_CALENDAR
ADDED from src/main/AndroidManifest.xml:42:5-72
	android:name
		ADDED from src/main/AndroidManifest.xml:42:22-69
uses-permission#android.permission.WRITE_CALENDAR
ADDED from src/main/AndroidManifest.xml:43:5-73
	android:name
		ADDED from src/main/AndroidManifest.xml:43:22-70
uses-permission#com.android.alarm.permission.SET_ALARM
ADDED from src/main/AndroidManifest.xml:44:5-78
	android:name
		ADDED from src/main/AndroidManifest.xml:44:22-75
uses-permission#android.permission.READ_CONTACTS
ADDED from src/main/AndroidManifest.xml:45:5-72
	android:name
		ADDED from src/main/AndroidManifest.xml:45:22-69
uses-permission#android.permission.READ_SMS
ADDED from src/main/AndroidManifest.xml:46:5-67
	android:name
		ADDED from src/main/AndroidManifest.xml:46:22-64
uses-permission#android.permission.SEND_SMS
ADDED from src/main/AndroidManifest.xml:47:5-67
	android:name
		ADDED from src/main/AndroidManifest.xml:47:22-64
uses-permission#android.permission.WRITE_SMS
ADDED from src/main/AndroidManifest.xml:48:5-68
	android:name
		ADDED from src/main/AndroidManifest.xml:48:22-65
uses-permission#android.permission.RECEIVE_SMS
ADDED from src/main/AndroidManifest.xml:49:5-70
	android:name
		ADDED from src/main/AndroidManifest.xml:49:22-67
uses-permission#android.permission.BLUETOOTH
ADDED from src/main/AndroidManifest.xml:50:5-68
	android:name
		ADDED from src/main/AndroidManifest.xml:50:22-65
uses-permission#android.permission.BLUETOOTH_ADMIN
ADDED from src/main/AndroidManifest.xml:51:5-74
	android:name
		ADDED from src/main/AndroidManifest.xml:51:22-71
uses-permission#android.permission.MODIFY_AUDIO_SETTINGS
ADDED from src/main/AndroidManifest.xml:52:5-80
	android:name
		ADDED from src/main/AndroidManifest.xml:52:22-77
uses-permission#android.permission.CAMERA
ADDED from src/main/AndroidManifest.xml:53:5-65
	android:name
		ADDED from src/main/AndroidManifest.xml:53:22-62
permission#android.permission.FLASHLIGHT
ADDED from src/main/AndroidManifest.xml:55:5-58:44
	android:protectionLevel
		ADDED from src/main/AndroidManifest.xml:58:9-41
	android:permissionGroup
		ADDED from src/main/AndroidManifest.xml:57:9-77
	android:name
		ADDED from src/main/AndroidManifest.xml:56:9-53
uses-permission#android.permission.GET_ACCOUNTS
ADDED from src/main/AndroidManifest.xml:71:5-71
	android:name
		ADDED from src/main/AndroidManifest.xml:71:22-68
uses-permission#android.permission.BROADCAST_STICKY
ADDED from src/main/AndroidManifest.xml:74:5-75
	android:name
		ADDED from src/main/AndroidManifest.xml:74:22-72
uses-permission#android.permission.RECORD_AUDIO
ADDED from src/main/AndroidManifest.xml:75:5-71
	android:name
		ADDED from src/main/AndroidManifest.xml:75:22-68
uses-permission#android.permission.PROCESS_OUTGOING_CALLS
ADDED from src/main/AndroidManifest.xml:76:5-81
	android:name
		ADDED from src/main/AndroidManifest.xml:76:22-78
uses-permission#com.google.android.gms.permission.ACTIVITY_RECOGNITION
ADDED from src/main/AndroidManifest.xml:77:5-94
	android:name
		ADDED from src/main/AndroidManifest.xml:77:22-91
uses-sdk
ADDED from src/main/AndroidManifest.xml:79:5-81:41
MERGED from [com.android.support:appcompat-v7:21.0.3] AndroidManifest.xml:15:5-42
MERGED from [com.android.support:support-v4:21.0.3] AndroidManifest.xml:15:5-42
	android:targetSdkVersion
		ADDED from src/main/AndroidManifest.xml:81:9-38
		INJECTED from src/main/AndroidManifest.xml
		INJECTED from src/main/AndroidManifest.xml
	android:minSdkVersion
		ADDED from src/main/AndroidManifest.xml:80:9-35
		INJECTED from src/main/AndroidManifest.xml
		INJECTED from src/main/AndroidManifest.xml
uses-feature#android.hardware.telephony
ADDED from src/main/AndroidManifest.xml:83:5-86:20
	android:required
		ADDED from src/main/AndroidManifest.xml:85:9-33
	android:name
		ADDED from src/main/AndroidManifest.xml:84:9-50
uses-feature#android.hardware.sensor.proximity
ADDED from src/main/AndroidManifest.xml:87:5-90:20
	android:required
		ADDED from src/main/AndroidManifest.xml:89:9-33
	android:name
		ADDED from src/main/AndroidManifest.xml:88:9-57
uses-feature#android.hardware.bluetooth
ADDED from src/main/AndroidManifest.xml:91:5-94:20
	android:required
		ADDED from src/main/AndroidManifest.xml:93:9-33
	android:name
		ADDED from src/main/AndroidManifest.xml:92:9-50
uses-feature#android.hardware.camera
ADDED from src/main/AndroidManifest.xml:95:5-98:20
	android:required
		ADDED from src/main/AndroidManifest.xml:97:9-33
	android:name
		ADDED from src/main/AndroidManifest.xml:96:9-47
uses-feature#android.hardware.camera.flash
ADDED from src/main/AndroidManifest.xml:99:5-102:20
	android:required
		ADDED from src/main/AndroidManifest.xml:101:9-33
	android:name
		ADDED from src/main/AndroidManifest.xml:100:9-53
uses-feature#android.hardware.location.network android:required
ADDED from src/main/AndroidManifest.xml:103:5-105:36
	android:required
		ADDED from src/main/AndroidManifest.xml:105:9-33
	android:name
		ADDED from src/main/AndroidManifest.xml:104:9-74
uses-feature#android.hardware.wifi
ADDED from src/main/AndroidManifest.xml:106:5-108:36
	android:required
		ADDED from src/main/AndroidManifest.xml:108:9-33
	android:name
		ADDED from src/main/AndroidManifest.xml:107:9-45
supports-screens
ADDED from src/main/AndroidManifest.xml:110:5-114:40
	android:largeScreens
		ADDED from src/main/AndroidManifest.xml:112:9-36
	android:smallScreens
		ADDED from src/main/AndroidManifest.xml:114:9-37
	android:normalScreens
		ADDED from src/main/AndroidManifest.xml:113:9-37
	android:anyDensity
		ADDED from src/main/AndroidManifest.xml:111:9-34
application
ADDED from src/main/AndroidManifest.xml:118:5-396:19
MERGED from [com.android.support:appcompat-v7:21.0.3] AndroidManifest.xml:16:5-19
MERGED from [com.android.support:support-v4:21.0.3] AndroidManifest.xml:16:5-19
	android:process
		ADDED from src/main/AndroidManifest.xml:124:9-47
	android:screenOrientation
		ADDED from src/main/AndroidManifest.xml:125:9-41
	android:label
		ADDED from src/main/AndroidManifest.xml:122:9-41
	android:configChanges
		ADDED from src/main/AndroidManifest.xml:120:9-55
	android:icon
		ADDED from src/main/AndroidManifest.xml:121:9-45
	android:largeHeap
		ADDED from src/main/AndroidManifest.xml:123:9-33
	android:name
		ADDED from src/main/AndroidManifest.xml:119:9-48
meta-data#com.facebook.sdk.ApplicationId
ADDED from src/main/AndroidManifest.xml:127:9-129:47
	android:value
		ADDED from src/main/AndroidManifest.xml:129:13-44
	android:name
		ADDED from src/main/AndroidManifest.xml:128:13-58
provider#com.magnifis.parking.TheRecentSuggestionsProvider
ADDED from src/main/AndroidManifest.xml:131:9-133:65
	android:authorities
		ADDED from src/main/AndroidManifest.xml:133:13-62
	android:name
		ADDED from src/main/AndroidManifest.xml:132:13-77
service#com.magnifis.parking.DailyNotificationListener
ADDED from src/main/AndroidManifest.xml:135:9-140:19
	android:permission
		ADDED from src/main/AndroidManifest.xml:136:13-87
	android:name
		ADDED from src/main/AndroidManifest.xml:135:18-59
intent-filter#android.service.notification.NotificationListenerService
ADDED from src/main/AndroidManifest.xml:137:13-139:29
action#android.service.notification.NotificationListenerService
ADDED from src/main/AndroidManifest.xml:138:17-99
	android:name
		ADDED from src/main/AndroidManifest.xml:138:25-96
activity#com.magnifis.parking.MainActivity
ADDED from src/main/AndroidManifest.xml:142:9-175:20
	android:screenOrientation
		ADDED from src/main/AndroidManifest.xml:148:13-45
	android:label
		ADDED from src/main/AndroidManifest.xml:145:13-45
	android:launchMode
		ADDED from src/main/AndroidManifest.xml:146:13-44
	android:configChanges
		ADDED from src/main/AndroidManifest.xml:144:13-59
	android:persistent
		ADDED from src/main/AndroidManifest.xml:147:13-38
	android:theme
		ADDED from src/main/AndroidManifest.xml:149:13-72
	android:name
		ADDED from src/main/AndroidManifest.xml:143:13-61
intent-filter#com.magnifis.parking.SHARE+com.magnifis.parking.START_TEACH+com.magnifis.parking.TYPE+com.magnifis.parking.WAKE_UP
ADDED from src/main/AndroidManifest.xml:152:13-157:29
action#com.magnifis.parking.WAKE_UP
ADDED from src/main/AndroidManifest.xml:153:17-71
	android:name
		ADDED from src/main/AndroidManifest.xml:153:25-68
action#com.magnifis.parking.START_TEACH
ADDED from src/main/AndroidManifest.xml:154:17-75
	android:name
		ADDED from src/main/AndroidManifest.xml:154:25-72
action#com.magnifis.parking.TYPE
ADDED from src/main/AndroidManifest.xml:155:17-68
	android:name
		ADDED from src/main/AndroidManifest.xml:155:25-65
action#com.magnifis.parking.SHARE
ADDED from src/main/AndroidManifest.xml:156:17-69
	android:name
		ADDED from src/main/AndroidManifest.xml:156:25-66
intent-filter#com.magnifis.parking.EXPANSION_DOWNLOADER_NOTIFICATION
ADDED from src/main/AndroidManifest.xml:158:13-160:29
action#com.magnifis.parking.EXPANSION_DOWNLOADER_NOTIFICATION
ADDED from src/main/AndroidManifest.xml:159:17-97
	android:name
		ADDED from src/main/AndroidManifest.xml:159:25-94
intent-filter#android.intent.action.ASSIST+android.intent.action.MAIN+android.intent.category.DEFAULT+android.intent.category.LAUNCHER
ADDED from src/main/AndroidManifest.xml:161:13-167:29
action#android.intent.action.MAIN
ADDED from src/main/AndroidManifest.xml:162:17-69
	android:name
		ADDED from src/main/AndroidManifest.xml:162:25-66
action#android.intent.action.ASSIST
ADDED from src/main/AndroidManifest.xml:163:17-71
	android:name
		ADDED from src/main/AndroidManifest.xml:163:25-68
category#android.intent.category.DEFAULT
ADDED from src/main/AndroidManifest.xml:165:17-76
	android:name
		ADDED from src/main/AndroidManifest.xml:165:27-73
category#android.intent.category.LAUNCHER
ADDED from src/main/AndroidManifest.xml:166:17-77
	android:name
		ADDED from src/main/AndroidManifest.xml:166:27-74
intent-filter#android.intent.action.SEARCH
ADDED from src/main/AndroidManifest.xml:168:13-170:29
action#android.intent.action.SEARCH
ADDED from src/main/AndroidManifest.xml:169:17-71
	android:name
		ADDED from src/main/AndroidManifest.xml:169:25-68
meta-data#android.app.searchable
ADDED from src/main/AndroidManifest.xml:172:13-174:54
	android:resource
		ADDED from src/main/AndroidManifest.xml:174:17-51
	android:name
		ADDED from src/main/AndroidManifest.xml:173:17-54
service#com.magnifis.parking.MovementService
ADDED from src/main/AndroidManifest.xml:177:9-178:67
	android:name
		ADDED from src/main/AndroidManifest.xml:178:13-64
service#com.magnifis.parking.TheDownloader
ADDED from src/main/AndroidManifest.xml:180:9-70
	android:name
		ADDED from src/main/AndroidManifest.xml:180:18-67
service#com.magnifis.parking.suzie.SuzieService
ADDED from src/main/AndroidManifest.xml:181:9-183:62
	android:configChanges
		ADDED from src/main/AndroidManifest.xml:183:13-59
	android:name
		ADDED from src/main/AndroidManifest.xml:182:13-67
service#com.magnifis.parking.SmsNotificationService
ADDED from src/main/AndroidManifest.xml:184:9-186:62
	android:configChanges
		ADDED from src/main/AndroidManifest.xml:186:13-59
	android:name
		ADDED from src/main/AndroidManifest.xml:185:13-71
receiver#com.magnifis.parking.DnlAlarmReceiver
ADDED from src/main/AndroidManifest.xml:188:9-74
	android:name
		ADDED from src/main/AndroidManifest.xml:188:19-71
receiver#com.magnifis.parking.NetworkStatusReceiver
ADDED from src/main/AndroidManifest.xml:189:9-193:20
	android:name
		ADDED from src/main/AndroidManifest.xml:189:19-76
intent-filter#android.net.conn.CONNECTIVITY_CHANGE
ADDED from src/main/AndroidManifest.xml:190:13-192:29
action#android.net.conn.CONNECTIVITY_CHANGE
ADDED from src/main/AndroidManifest.xml:191:17-79
	android:name
		ADDED from src/main/AndroidManifest.xml:191:25-76
uses-library#com.google.android.maps
ADDED from src/main/AndroidManifest.xml:195:9-197:39
	android:required
		ADDED from src/main/AndroidManifest.xml:197:13-36
	android:name
		ADDED from src/main/AndroidManifest.xml:196:13-51
activity#com.magnifis.parking.PrefsActivity
ADDED from src/main/AndroidManifest.xml:199:9-203:48
	android:screenOrientation
		ADDED from src/main/AndroidManifest.xml:203:13-45
	android:label
		ADDED from src/main/AndroidManifest.xml:202:13-50
	android:configChanges
		ADDED from src/main/AndroidManifest.xml:201:13-59
	android:name
		ADDED from src/main/AndroidManifest.xml:200:13-62
activity#com.magnifis.parking.RunCallbackActivity
ADDED from src/main/AndroidManifest.xml:204:9-211:75
	android:screenOrientation
		ADDED from src/main/AndroidManifest.xml:209:13-45
	android:excludeFromRecents
		ADDED from src/main/AndroidManifest.xml:207:13-46
	android:launchMode
		ADDED from src/main/AndroidManifest.xml:208:13-42
	android:configChanges
		ADDED from src/main/AndroidManifest.xml:206:13-59
	android:theme
		ADDED from src/main/AndroidManifest.xml:211:13-72
	android:taskAffinity
		ADDED from src/main/AndroidManifest.xml:210:13-56
	android:name
		ADDED from src/main/AndroidManifest.xml:205:13-68
activity#com.magnifis.parking.ResultProxyActivity
ADDED from src/main/AndroidManifest.xml:212:9-219:75
	android:screenOrientation
		ADDED from src/main/AndroidManifest.xml:217:13-45
	android:excludeFromRecents
		ADDED from src/main/AndroidManifest.xml:215:13-46
	android:launchMode
		ADDED from src/main/AndroidManifest.xml:216:13-42
	android:configChanges
		ADDED from src/main/AndroidManifest.xml:214:13-59
	android:theme
		ADDED from src/main/AndroidManifest.xml:219:13-72
	android:taskAffinity
		ADDED from src/main/AndroidManifest.xml:218:13-56
	android:name
		ADDED from src/main/AndroidManifest.xml:213:13-68
activity#com.magnifis.parking.HelpActivity
ADDED from src/main/AndroidManifest.xml:220:9-228:20
	android:screenOrientation
		ADDED from src/main/AndroidManifest.xml:223:13-45
	android:configChanges
		ADDED from src/main/AndroidManifest.xml:222:13-59
	android:taskAffinity
		ADDED from src/main/AndroidManifest.xml:224:13-49
	android:name
		ADDED from src/main/AndroidManifest.xml:221:13-61
intent-filter#com.magnifis.parking.OPEN_HELP
ADDED from src/main/AndroidManifest.xml:225:13-227:29
action#com.magnifis.parking.OPEN_HELP
ADDED from src/main/AndroidManifest.xml:226:17-73
	android:name
		ADDED from src/main/AndroidManifest.xml:226:25-70
activity#com.magnifis.parking.SendSmsActivity
ADDED from src/main/AndroidManifest.xml:229:9-240:20
	android:screenOrientation
		ADDED from src/main/AndroidManifest.xml:234:13-49
	android:excludeFromRecents
		ADDED from src/main/AndroidManifest.xml:232:13-46
	android:launchMode
		ADDED from src/main/AndroidManifest.xml:235:13-48
	android:windowSoftInputMode
		ADDED from src/main/AndroidManifest.xml:233:13-61
	android:configChanges
		ADDED from src/main/AndroidManifest.xml:231:13-74
	android:theme
		ADDED from src/main/AndroidManifest.xml:236:13-72
	android:name
		ADDED from src/main/AndroidManifest.xml:230:13-64
intent-filter#com.magnifis.parking.SEND_SMS
ADDED from src/main/AndroidManifest.xml:237:13-239:29
action#com.magnifis.parking.SEND_SMS
ADDED from src/main/AndroidManifest.xml:238:17-72
	android:name
		ADDED from src/main/AndroidManifest.xml:238:25-69
activity#com.magnifis.parking.SmsActivity
ADDED from src/main/AndroidManifest.xml:241:9-247:75
	android:screenOrientation
		ADDED from src/main/AndroidManifest.xml:245:13-45
	android:excludeFromRecents
		ADDED from src/main/AndroidManifest.xml:244:13-46
	android:launchMode
		ADDED from src/main/AndroidManifest.xml:246:13-48
	android:configChanges
		ADDED from src/main/AndroidManifest.xml:243:13-59
	android:theme
		ADDED from src/main/AndroidManifest.xml:247:13-72
	android:name
		ADDED from src/main/AndroidManifest.xml:242:13-60
activity#com.magnifis.parking.ListenAndLaunchActivity
ADDED from src/main/AndroidManifest.xml:249:9-270:20
	android:screenOrientation
		ADDED from src/main/AndroidManifest.xml:254:13-45
	android:label
		ADDED from src/main/AndroidManifest.xml:253:13-45
	android:excludeFromRecents
		ADDED from src/main/AndroidManifest.xml:252:13-46
	android:configChanges
		ADDED from src/main/AndroidManifest.xml:251:13-59
	android:theme
		ADDED from src/main/AndroidManifest.xml:256:13-72
	android:taskAffinity
		ADDED from src/main/AndroidManifest.xml:255:13-60
	android:name
		ADDED from src/main/AndroidManifest.xml:250:13-72
intent-filter#android.intent.action.SEARCH_LONG_PRESS+android.intent.category.DEFAULT
ADDED from src/main/AndroidManifest.xml:257:13-261:29
action#android.intent.action.SEARCH_LONG_PRESS
ADDED from src/main/AndroidManifest.xml:260:17-82
	android:name
		ADDED from src/main/AndroidManifest.xml:260:25-79
intent-filter#android.intent.action.VOICE_COMMAND+android.intent.category.DEFAULT
ADDED from src/main/AndroidManifest.xml:262:13-266:29
action#android.intent.action.VOICE_COMMAND
ADDED from src/main/AndroidManifest.xml:265:17-78
	android:name
		ADDED from src/main/AndroidManifest.xml:265:25-75
intent-filter#android.intent.category.DEFAULT
ADDED from src/main/AndroidManifest.xml:267:13-269:29
receiver#com.magnifis.parking.SMSReceiver
ADDED from src/main/AndroidManifest.xml:272:9-278:20
	android:enabled
		ADDED from src/main/AndroidManifest.xml:274:13-35
	android:name
		ADDED from src/main/AndroidManifest.xml:273:13-60
intent-filter#android.provider.Telephony.SMS_RECEIVED
ADDED from src/main/AndroidManifest.xml:275:13-277:29
action#android.provider.Telephony.SMS_RECEIVED
ADDED from src/main/AndroidManifest.xml:276:17-82
	android:name
		ADDED from src/main/AndroidManifest.xml:276:25-79
receiver#com.magnifis.parking.PhoneStatusReceiver
ADDED from src/main/AndroidManifest.xml:279:9-300:20
	android:enabled
		ADDED from src/main/AndroidManifest.xml:281:13-35
	android:name
		ADDED from src/main/AndroidManifest.xml:280:13-68
intent-filter#android.app.action.ENTER_CAR_MODE
ADDED from src/main/AndroidManifest.xml:282:13-284:29
action#android.app.action.ENTER_CAR_MODE
ADDED from src/main/AndroidManifest.xml:283:17-76
	android:name
		ADDED from src/main/AndroidManifest.xml:283:25-73
intent-filter#android.app.action.EXIT_CAR_MODE
ADDED from src/main/AndroidManifest.xml:285:13-287:29
action#android.app.action.EXIT_CAR_MODE
ADDED from src/main/AndroidManifest.xml:286:17-75
	android:name
		ADDED from src/main/AndroidManifest.xml:286:25-72
intent-filter#android.intent.action.USER_PRESENT
ADDED from src/main/AndroidManifest.xml:288:13-290:29
action#android.intent.action.USER_PRESENT
ADDED from src/main/AndroidManifest.xml:289:17-77
	android:name
		ADDED from src/main/AndroidManifest.xml:289:25-74
intent-filter#android.intent.action.BOOT_COMPLETED
ADDED from src/main/AndroidManifest.xml:291:13-293:29
action#android.intent.action.BOOT_COMPLETED
ADDED from src/main/AndroidManifest.xml:292:17-79
	android:name
		ADDED from src/main/AndroidManifest.xml:292:25-76
intent-filter#android.intent.action.PHONE_STATE
ADDED from src/main/AndroidManifest.xml:294:13-296:29
	android:priority
		ADDED from src/main/AndroidManifest.xml:294:28-51
action#android.intent.action.PHONE_STATE
ADDED from src/main/AndroidManifest.xml:295:17-76
	android:name
		ADDED from src/main/AndroidManifest.xml:295:25-73
intent-filter#android.intent.action.NEW_OUTGOING_CALL
ADDED from src/main/AndroidManifest.xml:297:13-299:29
action#android.intent.action.NEW_OUTGOING_CALL
ADDED from src/main/AndroidManifest.xml:298:17-82
	android:name
		ADDED from src/main/AndroidManifest.xml:298:25-79
receiver#com.magnifis.parking.SmsStatusReceiver
ADDED from src/main/AndroidManifest.xml:301:9-307:20
	android:enabled
		ADDED from src/main/AndroidManifest.xml:303:13-35
	android:name
		ADDED from src/main/AndroidManifest.xml:302:13-66
intent-filter#com.magnifis.parking.SMS_SENT_OR_FAILED
ADDED from src/main/AndroidManifest.xml:304:13-306:29
action#com.magnifis.parking.SMS_SENT_OR_FAILED
ADDED from src/main/AndroidManifest.xml:305:17-82
	android:name
		ADDED from src/main/AndroidManifest.xml:305:25-79
receiver#com.magnifis.parking.widgets.WidgetProvider
ADDED from src/main/AndroidManifest.xml:308:9-318:20
	android:label
		ADDED from src/main/AndroidManifest.xml:310:13-57
	android:name
		ADDED from src/main/AndroidManifest.xml:309:13-71
intent-filter#android.appwidget.action.APPWIDGET_UPDATE
ADDED from src/main/AndroidManifest.xml:311:13-313:29
action#android.appwidget.action.APPWIDGET_UPDATE
ADDED from src/main/AndroidManifest.xml:312:17-84
	android:name
		ADDED from src/main/AndroidManifest.xml:312:25-81
meta-data#android.appwidget.provider
ADDED from src/main/AndroidManifest.xml:315:13-317:59
	android:resource
		ADDED from src/main/AndroidManifest.xml:317:17-56
	android:name
		ADDED from src/main/AndroidManifest.xml:316:17-58
activity#com.magnifis.parking.IntroSlidesActivity
ADDED from src/main/AndroidManifest.xml:345:9-350:75
	android:screenOrientation
		ADDED from src/main/AndroidManifest.xml:348:13-49
	android:excludeFromRecents
		ADDED from src/main/AndroidManifest.xml:347:13-46
	android:theme
		ADDED from src/main/AndroidManifest.xml:350:13-72
	android:taskAffinity
		ADDED from src/main/AndroidManifest.xml:349:13-56
	android:name
		ADDED from src/main/AndroidManifest.xml:346:13-68
activity#com.magnifis.parking.Web
ADDED from src/main/AndroidManifest.xml:351:9-357:20
	android:theme
		ADDED from src/main/AndroidManifest.xml:353:13-60
	android:name
		ADDED from src/main/AndroidManifest.xml:352:13-32
intent-filter#com.magnifis.parking.OPEN_WEB
ADDED from src/main/AndroidManifest.xml:354:13-356:29
action#com.magnifis.parking.OPEN_WEB
ADDED from src/main/AndroidManifest.xml:355:17-72
	android:name
		ADDED from src/main/AndroidManifest.xml:355:25-69
activity#com.magnifis.parking.YoutubeActivity
ADDED from src/main/AndroidManifest.xml:358:9-359:75
	android:theme
		ADDED from src/main/AndroidManifest.xml:359:13-72
	android:name
		ADDED from src/main/AndroidManifest.xml:358:19-50
receiver#com.magnifis.parking.ads.AdManager
ADDED from src/main/AndroidManifest.xml:361:9-367:20
	android:name
		ADDED from src/main/AndroidManifest.xml:361:19-68
intent-filter#android.intent.action.PACKAGE_ADDED
ADDED from src/main/AndroidManifest.xml:362:13-366:29
action#android.intent.action.PACKAGE_ADDED
ADDED from src/main/AndroidManifest.xml:363:17-78
	android:name
		ADDED from src/main/AndroidManifest.xml:363:25-75
data
ADDED from src/main/AndroidManifest.xml:365:17-50
	android:scheme
		ADDED from src/main/AndroidManifest.xml:365:23-47
receiver#com.magnifis.parking.DLReceiver
ADDED from src/main/AndroidManifest.xml:368:9-374:20
	android:exported
		ADDED from src/main/AndroidManifest.xml:370:13-36
	android:name
		ADDED from src/main/AndroidManifest.xml:369:13-59
intent-filter#android.intent.action.DOWNLOAD_COMPLETE
ADDED from src/main/AndroidManifest.xml:371:13-373:29
	android:priority
		ADDED from src/main/AndroidManifest.xml:371:28-51
action#android.intent.action.DOWNLOAD_COMPLETE
ADDED from src/main/AndroidManifest.xml:372:17-82
	android:name
		ADDED from src/main/AndroidManifest.xml:372:25-79
receiver#com.magnifis.parking.PlugInControlReceiver
ADDED from src/main/AndroidManifest.xml:376:9-381:20
	android:name
		ADDED from src/main/AndroidManifest.xml:376:19-56
intent-filter#android.intent.action.ACTION_POWER_CONNECTED+android.intent.action.ACTION_POWER_DISCONNECTED
ADDED from src/main/AndroidManifest.xml:377:13-380:29
action#android.intent.action.ACTION_POWER_CONNECTED
ADDED from src/main/AndroidManifest.xml:378:17-87
	android:name
		ADDED from src/main/AndroidManifest.xml:378:25-84
action#android.intent.action.ACTION_POWER_DISCONNECTED
ADDED from src/main/AndroidManifest.xml:379:17-90
	android:name
		ADDED from src/main/AndroidManifest.xml:379:25-87
receiver#com.magnifis.parking.GenericInstallTrackersReceiver
ADDED from src/main/AndroidManifest.xml:383:9-390:20
	android:exported
		ADDED from src/main/AndroidManifest.xml:385:13-36
	android:name
		ADDED from src/main/AndroidManifest.xml:384:13-59
intent-filter#com.android.vending.INSTALL_REFERRER
ADDED from src/main/AndroidManifest.xml:386:13-389:29
action#com.android.vending.INSTALL_REFERRER
ADDED from src/main/AndroidManifest.xml:387:17-388:75
	android:name
		ADDED from src/main/AndroidManifest.xml:388:21-72
activity#com.att.android.speech.ATTSpeechActivity
ADDED from src/main/AndroidManifest.xml:392:9-394:123
	android:configChanges
		ADDED from src/main/AndroidManifest.xml:394:13-120
	android:theme
		ADDED from src/main/AndroidManifest.xml:393:13-72
	android:name
		ADDED from src/main/AndroidManifest.xml:392:19-74